<?xml version="1.0" encoding="UTF-8"?>
<testng-results ignored="0" total="2" passed="2" failed="0" skipped="0">
  <reporter-output>
  </reporter-output>
  <suite started-at="2024-04-16T08:33:18 IST" name="Suite" finished-at="2024-04-16T08:34:12 IST" duration-ms="54068">
    <groups>
    </groups>
    <test started-at="2024-04-16T08:33:18 IST" name="Test" finished-at="2024-04-16T08:34:12 IST" duration-ms="54068">
      <class name="com.testcases.Tc_beds">
        <test-method is-config="true" signature="launch()[pri:0, instance:com.testcases.Tc_beds@7bba5817]" started-at="2024-04-16T08:33:18 IST" name="launch" finished-at="2024-04-16T08:33:25 IST" duration-ms="7309" status="PASS">
          <reporter-output>
          </reporter-output>
        </test-method> <!-- launch -->
        <test-method signature="login()[pri:1, instance:com.testcases.Tc_beds@7bba5817]" started-at="2024-04-16T08:33:25 IST" name="login" finished-at="2024-04-16T08:33:25 IST" duration-ms="232" status="PASS">
          <reporter-output>
          </reporter-output>
        </test-method> <!-- login -->
        <test-method signature="beds()[pri:2, instance:com.testcases.Tc_beds@7bba5817]" started-at="2024-04-16T08:33:25 IST" name="beds" finished-at="2024-04-16T08:34:11 IST" duration-ms="46201" status="PASS">
          <reporter-output>
          </reporter-output>
        </test-method> <!-- beds -->
        <test-method is-config="true" signature="close()[pri:0, instance:com.testcases.Tc_beds@7bba5817]" started-at="2024-04-16T08:34:11 IST" name="close" finished-at="2024-04-16T08:34:12 IST" duration-ms="253" status="PASS">
          <reporter-output>
          </reporter-output>
        </test-method> <!-- close -->
      </class> <!-- com.testcases.Tc_beds -->
    </test> <!-- Test -->
  </suite> <!-- Suite -->
</testng-results>
